<?xml version="1.0" encoding="UTF-8"?>
<!-- Generated by org.testng.reporters.JUnitXMLReporter -->
<testsuite ignored="1" hostname="DESKTOP-KCTFUOC" failures="0" tests="2" name="Default test(failed)" time="44.521" errors="0" timestamp="2023-12-12T11:13:51 IST">
  <testcase classname="testcases.LoginPageTest" name="verifyUrlofApplicationtest" time="3.151"/>
  <testcase classname="testcases.LoginPageTest" name="verifyTitleofApplicationtest" time="0.139"/>
  <testcase classname="testcases.LoginPageTest" name="loginToApplicationtest" time="0.0">
    <ignored/>
  </testcase> <!-- loginToApplicationtest -->
</testsuite> <!-- Default test(failed) -->
